# JRE version: Java(TM) SE Runtime Environment (17.0.13+10) (build 17.0.13+10-LTS-268)
# Java VM: Java HotSpot(TM) 64-Bit Server VM (17.0.13+10-LTS-268, mixed mode, sharing, tiered, compressed oops, compressed class ptrs, g1 gc, windows-amd64)
GC Precious Log:
 CPUs: 8 total, 8 available
 Memory: 16221M
 Large Page Support: Disabled
 NUMA Support: Disabled
 Compressed Oops: Enabled (Zero based)
 Heap Region Size: 2M
 Heap Min Capacity: 8M
 Heap Initial Capacity: 254M
 Heap Max Capacity: 4056M
 Pre-touch: Disabled
 Parallel Workers: 8
 Concurrent Workers: 2
 Concurrent Refinement Workers: 8
 Periodic GC: Disabled
Heap:
 garbage-first heap   total 98304K, used 50957K [0x0000000702800000, 0x0000000800000000)
  region size 2048K, 9 young (18432K), 2 survivors (4096K)
 Metaspace       used 83207K, committed 83904K, reserved 1179648K
  class space    used 11430K, committed 11776K, reserved 1048576K
GC Heap History (20 events):
Event: 2.721 GC heap before
{Heap before GC invocations=8 (full 0):
 garbage-first heap   total 61440K, used 23061K [0x0000000702800000, 0x0000000800000000)
  region size 2048K, 3 young (6144K), 1 survivors (2048K)
 Metaspace       used 35571K, committed 35968K, reserved 1114112K
  class space    used 4740K, committed 4928K, reserved 1048576K
}
Event: 2.725 GC heap after
{Heap after GC invocations=9 (full 0):
 garbage-first heap   total 161792K, used 21218K [0x0000000702800000, 0x0000000800000000)
  region size 2048K, 1 young (2048K), 1 survivors (2048K)
 Metaspace       used 35571K, committed 35968K, reserved 1114112K
  class space    used 4740K, committed 4928K, reserved 1048576K
}
Event: 3.624 GC heap before
{Heap before GC invocations=10 (full 0):
 garbage-first heap   total 81920K, used 68322K [0x0000000702800000, 0x0000000800000000)
  region size 2048K, 24 young (49152K), 1 survivors (2048K)
 Metaspace       used 49774K, committed 50240K, reserved 1114112K
  class space    used 6620K, committed 6848K, reserved 1048576K
}
Event: 3.629 GC heap after
{Heap after GC invocations=11 (full 0):
 garbage-first heap   total 81920K, used 24736K [0x0000000702800000, 0x0000000800000000)
  region size 2048K, 3 young (6144K), 3 survivors (6144K)
 Metaspace       used 49774K, committed 50240K, reserved 1114112K
  class space    used 6620K, committed 6848K, reserved 1048576K
}
Event: 4.112 GC heap before
{Heap before GC invocations=11 (full 0):
 garbage-first heap   total 81920K, used 59552K [0x0000000702800000, 0x0000000800000000)
  region size 2048K, 20 young (40960K), 3 survivors (6144K)
 Metaspace       used 58447K, committed 58944K, reserved 1114112K
  class space    used 7963K, committed 8192K, reserved 1048576K
}
Event: 4.119 GC heap after
{Heap after GC invocations=12 (full 0):
 garbage-first heap   total 81920K, used 26207K [0x0000000702800000, 0x0000000800000000)
  region size 2048K, 1 young (2048K), 1 survivors (2048K)
 Metaspace       used 58447K, committed 58944K, reserved 1114112K
  class space    used 7963K, committed 8192K, reserved 1048576K
}
Event: 4.199 GC heap before
{Heap before GC invocations=12 (full 0):
 garbage-first heap   total 81920K, used 32351K [0x0000000702800000, 0x0000000800000000)
  region size 2048K, 5 young (10240K), 1 survivors (2048K)
 Metaspace       used 60002K, committed 60480K, reserved 1114112K
  class space    used 8223K, committed 8448K, reserved 1048576K
}
Event: 4.202 GC heap after
{Heap after GC invocations=13 (full 0):
 garbage-first heap   total 81920K, used 26436K [0x0000000702800000, 0x0000000800000000)
  region size 2048K, 1 young (2048K), 1 survivors (2048K)
 Metaspace       used 60002K, committed 60480K, reserved 1114112K
  class space    used 8223K, committed 8448K, reserved 1048576K
}
Event: 4.746 GC heap before
{Heap before GC invocations=14 (full 0):
 garbage-first heap   total 81920K, used 63300K [0x0000000702800000, 0x0000000800000000)
  region size 2048K, 19 young (38912K), 1 survivors (2048K)
 Metaspace       used 66227K, committed 66752K, reserved 1114112K
  class space    used 9088K, committed 9344K, reserved 1048576K
}
Event: 4.749 GC heap after
{Heap after GC invocations=15 (full 0):
 garbage-first heap   total 81920K, used 29458K [0x0000000702800000, 0x0000000800000000)
  region size 2048K, 3 young (6144K), 3 survivors (6144K)
 Metaspace       used 66227K, committed 66752K, reserved 1114112K
  class space    used 9088K, committed 9344K, reserved 1048576K
}
Event: 4.993 GC heap before
{Heap before GC invocations=15 (full 0):
 garbage-first heap   total 81920K, used 62226K [0x0000000702800000, 0x0000000800000000)
  region size 2048K, 19 young (38912K), 3 survivors (6144K)
 Metaspace       used 69364K, committed 69952K, reserved 1114112K
  class space    used 9649K, committed 9920K, reserved 1048576K
}
Event: 4.997 GC heap after
{Heap after GC invocations=16 (full 0):
 garbage-first heap   total 81920K, used 31319K [0x0000000702800000, 0x0000000800000000)
  region size 2048K, 3 young (6144K), 3 survivors (6144K)
 Metaspace       used 69364K, committed 69952K, reserved 1114112K
  class space    used 9649K, committed 9920K, reserved 1048576K
}
Event: 5.147 GC heap before
{Heap before GC invocations=16 (full 0):
 garbage-first heap   total 81920K, used 62039K [0x0000000702800000, 0x0000000800000000)
  region size 2048K, 18 young (36864K), 3 survivors (6144K)
 Metaspace       used 71555K, committed 72192K, reserved 1114112K
  class space    used 10073K, committed 10368K, reserved 1048576K
}
Event: 5.151 GC heap after
{Heap after GC invocations=17 (full 0):
 garbage-first heap   total 81920K, used 33136K [0x0000000702800000, 0x0000000800000000)
  region size 2048K, 2 young (4096K), 2 survivors (4096K)
 Metaspace       used 71555K, committed 72192K, reserved 1114112K
  class space    used 10073K, committed 10368K, reserved 1048576K
}
Event: 5.225 GC heap before
{Heap before GC invocations=17 (full 0):
 garbage-first heap   total 81920K, used 63856K [0x0000000702800000, 0x0000000800000000)
  region size 2048K, 17 young (34816K), 2 survivors (4096K)
 Metaspace       used 71585K, committed 72192K, reserved 1114112K
  class space    used 10073K, committed 10368K, reserved 1048576K
}
Event: 5.227 GC heap after
{Heap after GC invocations=18 (full 0):
 garbage-first heap   total 98304K, used 32945K [0x0000000702800000, 0x0000000800000000)
  region size 2048K, 1 young (2048K), 1 survivors (2048K)
 Metaspace       used 71585K, committed 72192K, reserved 1114112K
  class space    used 10073K, committed 10368K, reserved 1048576K
}
Event: 8.545 GC heap before
{Heap before GC invocations=18 (full 0):
 garbage-first heap   total 98304K, used 78001K [0x0000000702800000, 0x0000000800000000)
  region size 2048K, 23 young (47104K), 1 survivors (2048K)
 Metaspace       used 78280K, committed 78912K, reserved 1179648K
  class space    used 11017K, committed 11328K, reserved 1048576K
}
Event: 8.552 GC heap after
{Heap after GC invocations=19 (full 0):
 garbage-first heap   total 98304K, used 36505K [0x0000000702800000, 0x0000000800000000)
  region size 2048K, 3 young (6144K), 3 survivors (6144K)
 Metaspace       used 78280K, committed 78912K, reserved 1179648K
  class space    used 11017K, committed 11328K, reserved 1048576K
}
Event: 5345.408 GC heap before
{Heap before GC invocations=19 (full 0):
 garbage-first heap   total 98304K, used 77465K [0x0000000702800000, 0x0000000800000000)
  region size 2048K, 23 young (47104K), 3 survivors (6144K)
 Metaspace       used 82714K, committed 83456K, reserved 1179648K
  class space    used 11429K, committed 11776K, reserved 1048576K
}
Event: 5345.459 GC heap after
{Heap after GC invocations=20 (full 0):
 garbage-first heap   total 98304K, used 38669K [0x0000000702800000, 0x0000000800000000)
  region size 2048K, 2 young (4096K), 2 survivors (4096K)
 Metaspace       used 82714K, committed 83456K, reserved 1179648K
  class space    used 11429K, committed 11776K, reserved 1048576K
}

